[2025-05-24 08:58:20] INFO: createUser
[2025-05-24 08:58:26] INFO: createUser
[2025-05-24 09:00:30] INFO: createUser
[2025-05-24 09:08:29] INFO: createUser
[2025-05-24 09:08:49] INFO: createUser
[2025-05-24 09:09:29] INFO: createUser
[2025-05-24 09:10:03] INFO: createUser
[2025-05-24 16:15:29] INFO: createUser
[2025-05-24 16:18:40] HTTP: [0mPOST /111 [33m404[0m 1.009 ms - 143[0m
[2025-05-24 16:18:51] HTTP: [0mPOST /users/http://127.0.0.1:3000/111 [33m404[0m 0.245 ms - 171[0m
[2025-05-24 16:18:59] HTTP: [0mPOST /users/1111 [33m404[0m 0.170 ms - 150[0m
[2025-05-24 16:19:10] INFO: createUser
[2025-05-24 16:22:04] INFO: createUser
[2025-05-24 16:22:12] INFO: createUser
[2025-05-24 16:22:33] INFO: createUser
[2025-05-24 16:22:40] INFO: createUser
[2025-05-24 16:31:22] INFO: createUser
[2025-05-24 16:51:00] INFO: createUser
[2025-05-24 16:56:45] INFO: ID nhận từ client:
[2025-05-24 16:57:18] INFO: ID nhận từ client:
[2025-05-24 17:00:42] INFO: ID nhận từ client:
[2025-05-24 17:01:30] INFO: ID nhận từ client:
[2025-05-24 17:03:09] INFO: ID nhận từ client:
[2025-05-24 17:03:46] INFO: ID nhận từ client:
[2025-05-24 17:17:15] INFO: ID nhận từ client:
[2025-05-24 17:18:47] HTTP: [0mGET /favicon.ico [33m404[0m 2.769 ms - 150[0m
[2025-05-24 17:23:27] INFO: ID nhận từ client:
[2025-05-24 17:23:38] INFO: ID nhận từ client:
